Flow report for Full_adder
Tue May 30 15:36:21 2023
Quartus II 64-Bit Version 13.0.0 Build 156 04/24/2013 SJ Web Edition


---------------------
; Table of Contents ;
---------------------
  1. Legal Notice
  2. Flow Summary
  3. Flow Settings
  4. Flow Non-Default Global Settings
  5. Flow Elapsed Time
  6. Flow OS Summary
  7. Flow Log
  8. Flow Messages
  9. Flow Suppressed Messages



----------------
; Legal Notice ;
----------------
Copyright (C) 1991-2013 Altera Corporation
Your use of Altera Corporation's design tools, logic functions 
and other software and tools, and its AMPP partner logic 
functions, and any output files from any of the foregoing 
(including device programming or simulation files), and any 
associated documentation or information are expressly subject 
to the terms and conditions of the Altera Program License 
Subscription Agreement, Altera MegaCore Function License 
Agreement, or other applicable license agreement, including, 
without limitation, that your use is for the sole purpose of 
programming logic devices manufactured by Altera and sold by 
Altera or its authorized distributors.  Please refer to the 
applicable agreement for further details.



+----------------------------------------------------------------------------------+
; Flow Summary                                                                     ;
+-------------------------------------+--------------------------------------------+
; Flow Status                         ; Successful - Tue May 30 15:36:21 2023      ;
; Quartus II 64-Bit Version           ; 13.0.0 Build 156 04/24/2013 SJ Web Edition ;
; Revision Name                       ; Full_adder                                 ;
; Top-level Entity Name               ; Full_adder                                 ;
; Family                              ; Cyclone V                                  ;
; Device                              ; 5CEBA4F23C7                                ;
; Timing Models                       ; Preliminary                                ;
; Logic utilization (in ALMs)         ; 2 / 18,480 ( < 1 % )                       ;
; Total registers                     ; 0                                          ;
; Total pins                          ; 5 / 224 ( 2 % )                            ;
; Total virtual pins                  ; 0                                          ;
; Total block memory bits             ; 0 / 3,153,920 ( 0 % )                      ;
; Total DSP Blocks                    ; 0 / 66 ( 0 % )                             ;
; Total HSSI RX PCSs                  ; 0                                          ;
; Total HSSI PMA RX Deserializers     ; 0                                          ;
; Total HSSI PMA RX ATT Deserializers ; 0                                          ;
; Total HSSI TX PCSs                  ; 0                                          ;
; Total HSSI PMA TX Serializers       ; 0                                          ;
; Total HSSI PMA TX ATT Serializers   ; 0                                          ;
; Total PLLs                          ; 0 / 4 ( 0 % )                              ;
; Total DLLs                          ; 0 / 4 ( 0 % )                              ;
+-------------------------------------+--------------------------------------------+


+-----------------------------------------+
; Flow Settings                           ;
+-------------------+---------------------+
; Option            ; Setting             ;
+-------------------+---------------------+
; Start date & time ; 05/30/2023 15:35:45 ;
; Main task         ; Compilation         ;
; Revision Name     ; Full_adder          ;
+-------------------+---------------------+


+----------------------------------------------------------------------------------------------------------------------+
; Flow Non-Default Global Settings                                                                                     ;
+-------------------------------------+---------------------------------+---------------+-------------+----------------+
; Assignment Name                     ; Value                           ; Default Value ; Entity Name ; Section Id     ;
+-------------------------------------+---------------------------------+---------------+-------------+----------------+
; COMPILER_SIGNATURE_ID               ; 197975957097061.168544114520056 ; --            ; --          ; --             ;
; EDA_OUTPUT_DATA_FORMAT              ; Vhdl                            ; --            ; --          ; eda_simulation ;
; EDA_SIMULATION_TOOL                 ; ModelSim-Altera (VHDL)          ; <None>        ; --          ; --             ;
; MAX_CORE_JUNCTION_TEMP              ; 85                              ; --            ; --          ; --             ;
; MIN_CORE_JUNCTION_TEMP              ; 0                               ; --            ; --          ; --             ;
; PARTITION_COLOR                     ; 16764057                        ; --            ; --          ; Top            ;
; PARTITION_FITTER_PRESERVATION_LEVEL ; PLACEMENT_AND_ROUTING           ; --            ; --          ; Top            ;
; PARTITION_NETLIST_TYPE              ; SOURCE                          ; --            ; --          ; Top            ;
; PROJECT_OUTPUT_DIRECTORY            ; output_files                    ; --            ; --          ; --             ;
+-------------------------------------+---------------------------------+---------------+-------------+----------------+


+-------------------------------------------------------------------------------------------------------------------------------+
; Flow Elapsed Time                                                                                                             ;
+---------------------------+--------------+-------------------------+---------------------+------------------------------------+
; Module Name               ; Elapsed Time ; Average Processors Used ; Peak Virtual Memory ; Total CPU Time (on all processors) ;
+---------------------------+--------------+-------------------------+---------------------+------------------------------------+
; Analysis & Synthesis      ; 00:00:02     ; 1.0                     ; 4677 MB             ; 00:00:01                           ;
; Fitter                    ; 00:00:22     ; 1.0                     ; 5563 MB             ; 00:00:21                           ;
; Assembler                 ; 00:00:04     ; 1.0                     ; 4699 MB             ; 00:00:04                           ;
; TimeQuest Timing Analyzer ; 00:00:05     ; 1.0                     ; 5106 MB             ; 00:00:05                           ;
; EDA Netlist Writer        ; 00:00:01     ; 1.0                     ; 4573 MB             ; 00:00:01                           ;
; Total                     ; 00:00:34     ; --                      ; --                  ; 00:00:32                           ;
+---------------------------+--------------+-------------------------+---------------------+------------------------------------+


+----------------------------------------------------------------------------------------+
; Flow OS Summary                                                                        ;
+---------------------------+------------------+-----------+------------+----------------+
; Module Name               ; Machine Hostname ; OS Name   ; OS Version ; Processor type ;
+---------------------------+------------------+-----------+------------+----------------+
; Analysis & Synthesis      ; RUPAN-RS         ; Windows 7 ; 6.2        ; x86_64         ;
; Fitter                    ; RUPAN-RS         ; Windows 7 ; 6.2        ; x86_64         ;
; Assembler                 ; RUPAN-RS         ; Windows 7 ; 6.2        ; x86_64         ;
; TimeQuest Timing Analyzer ; RUPAN-RS         ; Windows 7 ; 6.2        ; x86_64         ;
; EDA Netlist Writer        ; RUPAN-RS         ; Windows 7 ; 6.2        ; x86_64         ;
+---------------------------+------------------+-----------+------------+----------------+


------------
; Flow Log ;
------------
quartus_map --read_settings_files=on --write_settings_files=off Full_adder -c Full_adder
quartus_fit --read_settings_files=off --write_settings_files=off Full_adder -c Full_adder
quartus_asm --read_settings_files=off --write_settings_files=off Full_adder -c Full_adder
quartus_sta Full_adder -c Full_adder
quartus_eda --read_settings_files=off --write_settings_files=off Full_adder -c Full_adder



